sample.interval=20000
"gc" "gtm.trn" "gtm.demo" 
"axis" "Axis.default" "Axis" "localAxis" "plot.default" "plot" "gtm.demo" 
"gc" "gtm.trn" "gtm.demo" 
"gc" "gtm.trn" "gtm.demo" 
"Axis.default" "Axis" "localAxis" "plot.default" "plot" "gtm.demo" 
"gc" "gtm.trn" "gtm.demo" 
"apply" "gtm.dist" "gtm.trn" "gtm.demo" 
"gtm.resp6" "gtm.trn" "gtm.demo" 
"title" "gtm.demo" 
"gc" "gtm.trn" "gtm.demo" 
"gc" "gtm.trn" "gtm.demo" 
"plot.xy" "plot.default" "plot" "gtm.demo" 
"gc" "gtm.trn" "gtm.demo" 
"t" "gtm.trn" "gtm.demo" 
"gc" "gtm.trn" "gtm.demo" 
"is.atomic" "FUN" "vapply" "pmin" "gtm.resp6" "gtm.trn" "gtm.demo" 
"gc" "gtm.trn" "gtm.demo" 
"gc" "gtm.trn" "gtm.demo" 
"gc" "gtm.trn" "gtm.demo" 
"as.matrix" "ncol" "matplot" "gtm.demo" 
"gc" "gtm.trn" "gtm.demo" 
"gc" "gtm.trn" "gtm.demo" 
